<?xml version="1.0" encoding="UTF-8"?>
<!-- Generated by org.testng.reporters.JUnitXMLReporter -->
<testsuite hostname="bittechs-imac-4.lan" ignored="8" name="Command line test" tests="4" failures="1" timestamp="2020-12-06T12:34:27 EST" time="0.037" errors="0">
  <testcase name="f" time="0.0" classname="com.bit.test.DataDrivenTest">
    <failure type="org.testng.TestNGException" message="
Method public void com.bit.test.DataDrivenTest.f(java.lang.Integer,java.lang.String) requires a @DataProvider named : dp">
      <![CDATA[org.testng.TestNGException: 
Method public void com.bit.test.DataDrivenTest.f(java.lang.Integer,java.lang.String) requires a @DataProvider named : dp
at java.util.ArrayList.forEach(ArrayList.java:1257)
... Removed 34 stack frames]]>
    </failure>
  </testcase> <!-- f -->
  <testcase name="test2" time="0.001" classname="com.bit.test.RegressionTest"/>
  <testcase name="test3" time="0.0" classname="com.bit.test.RegressionTest"/>
  <testcase name="test1" time="0.001" classname="com.bit.test.SmokeTest"/>
  <testcase name="@BeforeTest beforeTest" time="0.0" classname="com.bit.test.BaseTest">
    <ignored/>
  </testcase> <!-- @BeforeTest beforeTest -->
  <testcase name="@BeforeTest beforeTest" time="0.0" classname="com.bit.test.BaseTest">
    <ignored/>
  </testcase> <!-- @BeforeTest beforeTest -->
  <testcase name="@AfterSuite afterSuite" time="0.0" classname="com.bit.test.BaseTest">
    <ignored/>
  </testcase> <!-- @AfterSuite afterSuite -->
  <testcase name="@AfterSuite afterSuite" time="0.0" classname="com.bit.test.BaseTest">
    <ignored/>
  </testcase> <!-- @AfterSuite afterSuite -->
  <testcase name="@BeforeSuite beforeSuite" time="0.0" classname="com.bit.test.BaseTest">
    <ignored/>
  </testcase> <!-- @BeforeSuite beforeSuite -->
  <testcase name="@BeforeSuite beforeSuite" time="0.0" classname="com.bit.test.BaseTest">
    <ignored/>
  </testcase> <!-- @BeforeSuite beforeSuite -->
  <testcase name="@AfterTest afterTest" time="0.0" classname="com.bit.test.BaseTest">
    <ignored/>
  </testcase> <!-- @AfterTest afterTest -->
  <testcase name="@AfterTest afterTest" time="0.0" classname="com.bit.test.BaseTest">
    <ignored/>
  </testcase> <!-- @AfterTest afterTest -->
</testsuite> <!-- Command line test -->
