<?xml version="1.0" encoding="UTF-8"?>
<!-- Generated by org.testng.reporters.JUnitXMLReporter -->
<testsuite hostname="bittechs-imac-4.lan" ignored="4" name="Test1" tests="3" failures="0" timestamp="2020-12-06T12:37:13 EST" time="0.036" errors="0">
  <testcase name="test1" time="0.004" classname="com.bit.test.SmokeTest"/>
  <testcase name="test2" time="0.001" classname="com.bit.test.RegressionTest"/>
  <testcase name="test3" time="0.001" classname="com.bit.test.RegressionTest"/>
  <testcase name="@BeforeTest beforeTest" time="0.0" classname="com.bit.test.BaseTest">
    <ignored/>
  </testcase> <!-- @BeforeTest beforeTest -->
  <testcase name="@AfterSuite afterSuite" time="0.0" classname="com.bit.test.BaseTest">
    <ignored/>
  </testcase> <!-- @AfterSuite afterSuite -->
  <testcase name="@BeforeSuite beforeSuite" time="0.0" classname="com.bit.test.BaseTest">
    <ignored/>
  </testcase> <!-- @BeforeSuite beforeSuite -->
  <testcase name="@AfterTest afterTest" time="0.0" classname="com.bit.test.BaseTest">
    <ignored/>
  </testcase> <!-- @AfterTest afterTest -->
</testsuite> <!-- Test1 -->
